2021/08/23 09:41:28 [notice] 1#1: using the "epoll" event method
2021/08/23 09:41:28 [notice] 1#1: nginx/1.21.1
2021/08/23 09:41:28 [notice] 1#1: built by gcc 8.3.0 (Debian 8.3.0-6) 
2021/08/23 09:41:28 [notice] 1#1: OS: Linux 5.10.16.3-microsoft-standard-WSL2
2021/08/23 09:41:28 [notice] 1#1: getrlimit(RLIMIT_NOFILE): 1048576:1048576
2021/08/23 09:41:28 [notice] 1#1: start worker processes
2021/08/23 09:41:28 [notice] 1#1: start worker process 30
2021/08/23 09:41:28 [notice] 1#1: start worker process 31
2021/08/23 09:41:28 [notice] 1#1: start worker process 32
2021/08/23 09:41:28 [notice] 1#1: start worker process 33
2021/08/23 09:41:28 [notice] 1#1: start worker process 34
2021/08/23 09:41:28 [notice] 1#1: start worker process 35
2021/08/23 09:41:28 [notice] 1#1: start worker process 36
2021/08/23 09:41:28 [notice] 1#1: start worker process 37
2021/08/23 09:41:28 [notice] 1#1: start worker process 38
2021/08/23 09:41:28 [notice] 1#1: start worker process 39
2021/08/23 09:41:28 [notice] 1#1: start worker process 40
2021/08/23 09:41:28 [notice] 1#1: start worker process 41
2021/08/23 09:41:30 [error] 30#30: *1 connect() failed (111: Connection refused) while connecting to upstream, client: 172.30.0.1, server: localhost, request: "GET /sanctum/csrf-cookie HTTP/1.1", upstream: "fastcgi://172.30.0.2:9000", host: "localhost:27000", referrer: "http://192.168.100.2:3000/auth/login"
2021/08/23 09:42:08 [notice] 1#1: signal 3 (SIGQUIT) received, shutting down
2021/08/23 09:42:08 [notice] 30#30: gracefully shutting down
2021/08/23 09:42:08 [notice] 38#38: gracefully shutting down
2021/08/23 09:42:08 [notice] 31#31: gracefully shutting down
2021/08/23 09:42:08 [notice] 32#32: gracefully shutting down
2021/08/23 09:42:08 [notice] 33#33: gracefully shutting down
2021/08/23 09:42:08 [notice] 34#34: gracefully shutting down
2021/08/23 09:42:08 [notice] 35#35: gracefully shutting down
2021/08/23 09:42:08 [notice] 36#36: gracefully shutting down
2021/08/23 09:42:08 [notice] 37#37: gracefully shutting down
2021/08/23 09:42:08 [notice] 39#39: gracefully shutting down
2021/08/23 09:42:08 [notice] 40#40: gracefully shutting down
2021/08/23 09:42:08 [notice] 30#30: exiting
2021/08/23 09:42:08 [notice] 41#41: gracefully shutting down
2021/08/23 09:42:08 [notice] 38#38: exiting
2021/08/23 09:42:08 [notice] 31#31: exiting
2021/08/23 09:42:08 [notice] 32#32: exiting
2021/08/23 09:42:08 [notice] 33#33: exiting
2021/08/23 09:42:08 [notice] 34#34: exiting
2021/08/23 09:42:08 [notice] 35#35: exiting
2021/08/23 09:42:08 [notice] 36#36: exiting
2021/08/23 09:42:08 [notice] 37#37: exiting
2021/08/23 09:42:08 [notice] 39#39: exiting
2021/08/23 09:42:08 [notice] 40#40: exiting
2021/08/23 09:42:08 [notice] 30#30: exit
2021/08/23 09:42:08 [notice] 41#41: exiting
2021/08/23 09:42:08 [notice] 38#38: exit
2021/08/23 09:42:08 [notice] 31#31: exit
2021/08/23 09:42:08 [notice] 32#32: exit
2021/08/23 09:42:08 [notice] 33#33: exit
2021/08/23 09:42:08 [notice] 34#34: exit
2021/08/23 09:42:08 [notice] 35#35: exit
2021/08/23 09:42:08 [notice] 36#36: exit
2021/08/23 09:42:08 [notice] 37#37: exit
2021/08/23 09:42:08 [notice] 39#39: exit
2021/08/23 09:42:08 [notice] 40#40: exit
2021/08/23 09:42:08 [notice] 41#41: exit
2021/08/23 09:42:08 [notice] 1#1: signal 17 (SIGCHLD) received from 32
2021/08/23 09:42:08 [notice] 1#1: worker process 32 exited with code 0
2021/08/23 09:42:08 [notice] 1#1: signal 29 (SIGIO) received
2021/08/23 09:42:08 [notice] 1#1: signal 17 (SIGCHLD) received from 41
2021/08/23 09:42:08 [notice] 1#1: worker process 30 exited with code 0
2021/08/23 09:42:08 [notice] 1#1: worker process 31 exited with code 0
2021/08/23 09:42:08 [notice] 1#1: worker process 33 exited with code 0
2021/08/23 09:42:08 [notice] 1#1: worker process 34 exited with code 0
2021/08/23 09:42:08 [notice] 1#1: worker process 35 exited with code 0
2021/08/23 09:42:08 [notice] 1#1: worker process 36 exited with code 0
2021/08/23 09:42:08 [notice] 1#1: worker process 37 exited with code 0
2021/08/23 09:42:08 [notice] 1#1: worker process 38 exited with code 0
2021/08/23 09:42:08 [notice] 1#1: worker process 40 exited with code 0
2021/08/23 09:42:08 [notice] 1#1: worker process 41 exited with code 0
2021/08/23 09:42:08 [notice] 1#1: signal 29 (SIGIO) received
2021/08/23 09:42:08 [notice] 1#1: signal 17 (SIGCHLD) received from 36
2021/08/23 09:42:08 [notice] 1#1: signal 17 (SIGCHLD) received from 39
2021/08/23 09:42:08 [notice] 1#1: worker process 39 exited with code 0
2021/08/23 09:42:08 [notice] 1#1: exit
2021/08/23 09:42:34 [notice] 1#1: using the "epoll" event method
2021/08/23 09:42:34 [notice] 1#1: nginx/1.21.1
2021/08/23 09:42:34 [notice] 1#1: built by gcc 8.3.0 (Debian 8.3.0-6) 
2021/08/23 09:42:34 [notice] 1#1: OS: Linux 5.10.16.3-microsoft-standard-WSL2
2021/08/23 09:42:34 [notice] 1#1: getrlimit(RLIMIT_NOFILE): 1048576:1048576
2021/08/23 09:42:34 [notice] 1#1: start worker processes
2021/08/23 09:42:34 [notice] 1#1: start worker process 31
2021/08/23 09:42:34 [notice] 1#1: start worker process 32
2021/08/23 09:42:34 [notice] 1#1: start worker process 33
2021/08/23 09:42:34 [notice] 1#1: start worker process 34
2021/08/23 09:42:34 [notice] 1#1: start worker process 35
2021/08/23 09:42:34 [notice] 1#1: start worker process 36
2021/08/23 09:42:34 [notice] 1#1: start worker process 37
2021/08/23 09:42:34 [notice] 1#1: start worker process 38
2021/08/23 09:42:34 [notice] 1#1: start worker process 39
2021/08/23 09:42:34 [notice] 1#1: start worker process 40
2021/08/23 09:42:34 [notice] 1#1: start worker process 41
2021/08/23 09:42:34 [notice] 1#1: start worker process 42
2021/08/23 09:42:43 [error] 32#32: *1 connect() failed (111: Connection refused) while connecting to upstream, client: 172.30.0.1, server: localhost, request: "GET /sanctum/csrf-cookie HTTP/1.1", upstream: "fastcgi://172.30.0.2:9000", host: "localhost:27000", referrer: "http://192.168.100.2:3000/auth/login"
2021/08/23 09:43:15 [notice] 1#1: using the "epoll" event method
2021/08/23 09:43:15 [notice] 1#1: nginx/1.21.1
2021/08/23 09:43:15 [notice] 1#1: built by gcc 8.3.0 (Debian 8.3.0-6) 
2021/08/23 09:43:15 [notice] 1#1: OS: Linux 5.10.16.3-microsoft-standard-WSL2
2021/08/23 09:43:15 [notice] 1#1: getrlimit(RLIMIT_NOFILE): 1048576:1048576
2021/08/23 09:43:15 [notice] 1#1: start worker processes
2021/08/23 09:43:15 [notice] 1#1: start worker process 31
2021/08/23 09:43:15 [notice] 1#1: start worker process 32
2021/08/23 09:43:15 [notice] 1#1: start worker process 33
2021/08/23 09:43:15 [notice] 1#1: start worker process 34
2021/08/23 09:43:15 [notice] 1#1: start worker process 35
2021/08/23 09:43:15 [notice] 1#1: start worker process 36
2021/08/23 09:43:15 [notice] 1#1: start worker process 37
2021/08/23 09:43:15 [notice] 1#1: start worker process 38
2021/08/23 09:43:15 [notice] 1#1: start worker process 39
2021/08/23 09:43:15 [notice] 1#1: start worker process 40
2021/08/23 09:43:15 [notice] 1#1: start worker process 41
2021/08/23 09:43:15 [notice] 1#1: start worker process 42
2021/08/23 09:43:32 [notice] 1#1: signal 3 (SIGQUIT) received, shutting down
2021/08/23 09:43:32 [notice] 31#31: gracefully shutting down
2021/08/23 09:43:32 [notice] 42#42: gracefully shutting down
2021/08/23 09:43:32 [notice] 33#33: gracefully shutting down
2021/08/23 09:43:32 [notice] 32#32: gracefully shutting down
2021/08/23 09:43:32 [notice] 34#34: gracefully shutting down
2021/08/23 09:43:32 [notice] 35#35: gracefully shutting down
2021/08/23 09:43:32 [notice] 36#36: gracefully shutting down
2021/08/23 09:43:32 [notice] 37#37: gracefully shutting down
2021/08/23 09:43:32 [notice] 38#38: gracefully shutting down
2021/08/23 09:43:32 [notice] 39#39: gracefully shutting down
2021/08/23 09:43:32 [notice] 40#40: gracefully shutting down
2021/08/23 09:43:32 [notice] 41#41: gracefully shutting down
2021/08/23 09:43:32 [notice] 31#31: exiting
2021/08/23 09:43:32 [notice] 42#42: exiting
2021/08/23 09:43:32 [notice] 33#33: exiting
2021/08/23 09:43:32 [notice] 32#32: exiting
2021/08/23 09:43:32 [notice] 34#34: exiting
2021/08/23 09:43:32 [notice] 35#35: exiting
2021/08/23 09:43:32 [notice] 36#36: exiting
2021/08/23 09:43:32 [notice] 37#37: exiting
2021/08/23 09:43:32 [notice] 38#38: exiting
2021/08/23 09:43:32 [notice] 39#39: exiting
2021/08/23 09:43:32 [notice] 40#40: exiting
2021/08/23 09:43:32 [notice] 41#41: exiting
2021/08/23 09:43:32 [notice] 31#31: exit
2021/08/23 09:43:32 [notice] 42#42: exit
2021/08/23 09:43:32 [notice] 33#33: exit
2021/08/23 09:43:32 [notice] 32#32: exit
2021/08/23 09:43:32 [notice] 34#34: exit
2021/08/23 09:43:32 [notice] 35#35: exit
2021/08/23 09:43:32 [notice] 36#36: exit
2021/08/23 09:43:32 [notice] 37#37: exit
2021/08/23 09:43:32 [notice] 38#38: exit
2021/08/23 09:43:32 [notice] 39#39: exit
2021/08/23 09:43:32 [notice] 40#40: exit
2021/08/23 09:43:32 [notice] 41#41: exit
2021/08/23 09:43:32 [notice] 1#1: signal 17 (SIGCHLD) received from 33
2021/08/23 09:43:32 [notice] 1#1: worker process 33 exited with code 0
2021/08/23 09:43:32 [notice] 1#1: worker process 34 exited with code 0
2021/08/23 09:43:32 [notice] 1#1: worker process 37 exited with code 0
2021/08/23 09:43:32 [notice] 1#1: signal 29 (SIGIO) received
2021/08/23 09:43:32 [notice] 1#1: signal 17 (SIGCHLD) received from 37
2021/08/23 09:43:32 [notice] 1#1: signal 17 (SIGCHLD) received from 42
2021/08/23 09:43:32 [notice] 1#1: worker process 36 exited with code 0
2021/08/23 09:43:32 [notice] 1#1: worker process 42 exited with code 0
2021/08/23 09:43:32 [notice] 1#1: signal 29 (SIGIO) received
2021/08/23 09:43:32 [notice] 1#1: signal 17 (SIGCHLD) received from 31
2021/08/23 09:43:32 [notice] 1#1: worker process 31 exited with code 0
2021/08/23 09:43:32 [notice] 1#1: worker process 35 exited with code 0
2021/08/23 09:43:32 [notice] 1#1: signal 29 (SIGIO) received
2021/08/23 09:43:32 [notice] 1#1: signal 17 (SIGCHLD) received from 35
2021/08/23 09:43:32 [notice] 1#1: signal 17 (SIGCHLD) received from 39
2021/08/23 09:43:32 [notice] 1#1: worker process 38 exited with code 0
2021/08/23 09:43:32 [notice] 1#1: worker process 39 exited with code 0
2021/08/23 09:43:32 [notice] 1#1: signal 29 (SIGIO) received
2021/08/23 09:43:32 [notice] 1#1: signal 17 (SIGCHLD) received from 40
2021/08/23 09:43:32 [notice] 1#1: worker process 40 exited with code 0
2021/08/23 09:43:32 [notice] 1#1: signal 29 (SIGIO) received
2021/08/23 09:49:27 [notice] 1#1: using the "epoll" event method
2021/08/23 09:49:27 [notice] 1#1: nginx/1.21.1
2021/08/23 09:49:27 [notice] 1#1: built by gcc 8.3.0 (Debian 8.3.0-6) 
2021/08/23 09:49:27 [notice] 1#1: OS: Linux 5.10.16.3-microsoft-standard-WSL2
2021/08/23 09:49:27 [notice] 1#1: getrlimit(RLIMIT_NOFILE): 1048576:1048576
2021/08/23 09:49:27 [notice] 1#1: start worker processes
2021/08/23 09:49:27 [notice] 1#1: start worker process 30
2021/08/23 09:49:27 [notice] 1#1: start worker process 31
2021/08/23 09:49:27 [notice] 1#1: start worker process 32
2021/08/23 09:49:27 [notice] 1#1: start worker process 33
2021/08/23 09:49:27 [notice] 1#1: start worker process 34
2021/08/23 09:49:27 [notice] 1#1: start worker process 35
2021/08/23 09:49:27 [notice] 1#1: start worker process 36
2021/08/23 09:49:27 [notice] 1#1: start worker process 37
2021/08/23 09:49:27 [notice] 1#1: start worker process 38
2021/08/23 09:49:27 [notice] 1#1: start worker process 39
2021/08/23 09:49:27 [notice] 1#1: start worker process 40
2021/08/23 09:49:27 [notice] 1#1: start worker process 41
2021/08/23 09:52:54 [notice] 1#1: using the "epoll" event method
2021/08/23 09:52:54 [notice] 1#1: nginx/1.21.1
2021/08/23 09:52:54 [notice] 1#1: built by gcc 8.3.0 (Debian 8.3.0-6) 
2021/08/23 09:52:54 [notice] 1#1: OS: Linux 5.10.16.3-microsoft-standard-WSL2
2021/08/23 09:52:54 [notice] 1#1: getrlimit(RLIMIT_NOFILE): 1048576:1048576
2021/08/23 09:52:54 [notice] 1#1: start worker processes
2021/08/23 09:52:54 [notice] 1#1: start worker process 30
2021/08/23 09:52:54 [notice] 1#1: start worker process 31
2021/08/23 09:52:54 [notice] 1#1: start worker process 32
2021/08/23 09:52:54 [notice] 1#1: start worker process 33
2021/08/23 09:52:54 [notice] 1#1: start worker process 34
2021/08/23 09:52:54 [notice] 1#1: start worker process 35
2021/08/23 09:52:54 [notice] 1#1: start worker process 36
2021/08/23 09:52:54 [notice] 1#1: start worker process 37
2021/08/23 09:52:54 [notice] 1#1: start worker process 38
2021/08/23 09:52:54 [notice] 1#1: start worker process 39
2021/08/23 09:52:54 [notice] 1#1: start worker process 40
2021/08/23 09:52:54 [notice] 1#1: start worker process 41
2021/08/23 09:53:38 [notice] 1#1: using the "epoll" event method
2021/08/23 09:53:38 [notice] 1#1: nginx/1.21.1
2021/08/23 09:53:38 [notice] 1#1: built by gcc 8.3.0 (Debian 8.3.0-6) 
2021/08/23 09:53:38 [notice] 1#1: OS: Linux 5.10.16.3-microsoft-standard-WSL2
2021/08/23 09:53:38 [notice] 1#1: getrlimit(RLIMIT_NOFILE): 1048576:1048576
2021/08/23 09:53:38 [notice] 1#1: start worker processes
2021/08/23 09:53:38 [notice] 1#1: start worker process 31
2021/08/23 09:53:38 [notice] 1#1: start worker process 32
2021/08/23 09:53:38 [notice] 1#1: start worker process 33
2021/08/23 09:53:38 [notice] 1#1: start worker process 34
2021/08/23 09:53:38 [notice] 1#1: start worker process 35
2021/08/23 09:53:38 [notice] 1#1: start worker process 36
2021/08/23 09:53:38 [notice] 1#1: start worker process 37
2021/08/23 09:53:38 [notice] 1#1: start worker process 38
2021/08/23 09:53:38 [notice] 1#1: start worker process 39
2021/08/23 09:53:38 [notice] 1#1: start worker process 40
2021/08/23 09:53:38 [notice] 1#1: start worker process 41
2021/08/23 09:53:38 [notice] 1#1: start worker process 42
2021/08/23 11:21:24 [notice] 1#1: using the "epoll" event method
2021/08/23 11:21:24 [notice] 1#1: nginx/1.21.1
2021/08/23 11:21:24 [notice] 1#1: built by gcc 8.3.0 (Debian 8.3.0-6) 
2021/08/23 11:21:24 [notice] 1#1: OS: Linux 5.10.16.3-microsoft-standard-WSL2
2021/08/23 11:21:24 [notice] 1#1: getrlimit(RLIMIT_NOFILE): 1048576:1048576
2021/08/23 11:21:24 [notice] 1#1: start worker processes
2021/08/23 11:21:24 [notice] 1#1: start worker process 30
2021/08/23 11:21:24 [notice] 1#1: start worker process 31
2021/08/23 11:21:24 [notice] 1#1: start worker process 32
2021/08/23 11:21:24 [notice] 1#1: start worker process 33
2021/08/23 11:21:24 [notice] 1#1: start worker process 34
2021/08/23 11:21:24 [notice] 1#1: start worker process 35
2021/08/23 11:21:24 [notice] 1#1: start worker process 36
2021/08/23 11:21:24 [notice] 1#1: start worker process 37
2021/08/23 11:21:24 [notice] 1#1: start worker process 38
2021/08/23 11:21:24 [notice] 1#1: start worker process 39
2021/08/23 11:21:24 [notice] 1#1: start worker process 40
2021/08/23 11:21:24 [notice] 1#1: start worker process 41
